<?xml version="1.0" encoding="UTF-8"?>
<!-- Generated by org.testng.reporters.JUnitXMLReporter -->
<testsuite ignored="0" hostname="DESKTOP-6C3F517" failures="1" tests="1" name="Default test" time="1.171" errors="0" timestamp="2026-03-22T14:17:09 IST">
  <testcase classname="project1_AmazonEndToEnd.TC4_SearchingProductShoe" name="searchingTheProduct" time="1.1">
    <failure type="org.testng.internal.reflect.MethodMatcherException" message="
[public void project1_AmazonEndToEnd.TC4_SearchingProductShoe.searchingTheProduct(java.lang.String,java.lang.String,java.lang.String,java.lang.String)] has no parameters defined but was found to be using a data provider (either explicitly specified or inherited from class level annotation).
Data provider mismatch
Method: searchingTheProduct([java.lang.String arg0, java.lang.String arg1, java.lang.String arg2, java.lang.String arg3])
Arguments: [(java.lang.String) bhavanibrgr@gmail.com,(java.lang.String) Bhavani@123,(java.lang.String) shoe,(java.lang.String) valid-valid,(java.lang.String) ]">
      <![CDATA[org.testng.internal.reflect.MethodMatcherException: 
[public void project1_AmazonEndToEnd.TC4_SearchingProductShoe.searchingTheProduct(java.lang.String,java.lang.String,java.lang.String,java.lang.String)] has no parameters defined but was found to be using a data provider (either explicitly specified or inherited from class level annotation).
Data provider mismatch
Method: searchingTheProduct([java.lang.String arg0, java.lang.String arg1, java.lang.String arg2, java.lang.String arg3])
Arguments: [(java.lang.String) bhavanibrgr@gmail.com,(java.lang.String) Bhavani@123,(java.lang.String) shoe,(java.lang.String) valid-valid,(java.lang.String) ]
at org.testng.internal.reflect.DataProviderMethodMatcher.getConformingArguments(DataProviderMethodMatcher.java:46)
at org.testng.internal.Parameters.injectParameters(Parameters.java:915)
at org.testng.internal.invokers.MethodRunner.runInSequence(MethodRunner.java:50)
at org.testng.internal.invokers.TestInvoker$MethodInvocationAgent.invoke(TestInvoker.java:995)
at org.testng.internal.invokers.TestInvoker.invokeTestMethods(TestInvoker.java:203)
at org.testng.internal.invokers.TestMethodWorker.invokeTestMethods(TestMethodWorker.java:154)
at org.testng.internal.invokers.TestMethodWorker.run(TestMethodWorker.java:134)
at java.base/java.util.ArrayList.forEach(ArrayList.java:1596)
at org.testng.TestRunner.privateRun(TestRunner.java:741)
at org.testng.TestRunner.run(TestRunner.java:616)
at org.testng.SuiteRunner.runTest(SuiteRunner.java:421)
at org.testng.SuiteRunner.runSequentially(SuiteRunner.java:413)
at org.testng.SuiteRunner.privateRun(SuiteRunner.java:373)
at org.testng.SuiteRunner.run(SuiteRunner.java:312)
at org.testng.SuiteRunnerWorker.runSuite(SuiteRunnerWorker.java:52)
at org.testng.SuiteRunnerWorker.run(SuiteRunnerWorker.java:95)
at org.testng.TestNG.runSuitesSequentially(TestNG.java:1274)
at org.testng.TestNG.runSuitesLocally(TestNG.java:1208)
at org.testng.TestNG.runSuites(TestNG.java:1112)
at org.testng.TestNG.run(TestNG.java:1079)
at org.testng.remote.AbstractRemoteTestNG.run(AbstractRemoteTestNG.java:115)
at org.testng.remote.RemoteTestNG.initAndRun(RemoteTestNG.java:293)
at org.testng.remote.RemoteTestNG.main(RemoteTestNG.java:91)
]]>
    </failure>
  </testcase> <!-- searchingTheProduct -->
</testsuite> <!-- Default test -->
