<?xml version="1.0" encoding="UTF-8"?>
<!-- Generated by org.testng.reporters.JUnitXMLReporter -->
<testsuite ignored="0" hostname="DESKTOP-6C3F517" failures="1" tests="1" name="Test" time="0.143" errors="0" timestamp="2026-03-22T16:23:20 IST">
  <testcase classname="tests.TC1_LoginWithValidCred" name="withValidCredentials" time="0.0">
    <failure type="java.lang.RuntimeException" message="java.io.FileNotFoundException: C:\Users\admin\myprojects-eclipse-workspace\Project1-AmazonEndToEnd\ExcelSheet\Test.xlsx (The system cannot find the path specified)">
      <![CDATA[java.lang.RuntimeException: java.io.FileNotFoundException: C:\Users\admin\myprojects-eclipse-workspace\Project1-AmazonEndToEnd\ExcelSheet\Test.xlsx (The system cannot find the path specified)
at java.base/java.util.ArrayList.forEach(ArrayList.java:1596)
Caused by: java.io.FileNotFoundException: C:\Users\admin\myprojects-eclipse-workspace\Project1-AmazonEndToEnd\ExcelSheet\Test.xlsx (The system cannot find the path specified)
at java.base/java.io.FileInputStream.open0(Native Method)
at java.base/java.io.FileInputStream.open(FileInputStream.java:213)
at java.base/java.io.FileInputStream.<init>(FileInputStream.java:152)
at java.base/java.io.FileInputStream.<init>(FileInputStream.java:106)
at utility.ExcelSheet.fetchingData(ExcelSheet.java:18)
... 25 more
... Removed 30 stack frames]]>
    </failure>
  </testcase> <!-- withValidCredentials -->
</testsuite> <!-- Test -->
