<?xml version="1.0" encoding="UTF-8"?>
<!-- Generated by org.testng.reporters.JUnitXMLReporter -->
<testsuite ignored="0" hostname="DESKTOP-6C3F517" failures="0" tests="5" name="Test" time="79.877" errors="0" timestamp="2026-03-25T14:08:45 IST">
  <testcase classname="tests.TC1_LoginWithValidCred" name="withValidCredentials" time="9.252"/>
  <testcase classname="tests.TC2_LoginFailWithInvalidCred" name="loginWithInvalidCred" time="6.797"/>
  <testcase classname="tests.TC3_EditTheProfileInfo" name="editMyProfile" time="18.13"/>
  <testcase classname="tests.TC4_SearchingProductShoe" name="searchingTheProduct" time="12.665"/>
  <testcase classname="tests.TC5_VerifyingProductDetailPage" name="verifyProductDetails" time="19.627"/>
</testsuite> <!-- Test -->
