<?xml version="1.0" encoding="UTF-8"?>
<!-- Generated by org.testng.reporters.JUnitXMLReporter -->
<testsuite ignored="0" hostname="DESKTOP-6C3F517" failures="0" tests="10" name="Test" time="95.119" errors="0" timestamp="2026-03-24T15:40:31 IST">
  <testcase classname="tests.TC1_LoginWithValidCred" name="withValidCredentials" time="7.408"/>
  <testcase classname="tests.TC1_LoginWithValidCred" name="withValidCredentials" time="0.001">
    <skipped/>
  </testcase> <!-- withValidCredentials -->
  <testcase classname="tests.TC2_LoginFailWithInvalidCred" name="loginWithInvalidCred" time="0.0">
    <skipped/>
  </testcase> <!-- loginWithInvalidCred -->
  <testcase classname="tests.TC2_LoginFailWithInvalidCred" name="loginWithInvalidCred" time="7.012"/>
  <testcase classname="tests.TC3_EditTheProfileInfo" name="editMyProfile" time="15.423"/>
  <testcase classname="tests.TC3_EditTheProfileInfo" name="editMyProfile" time="0.001">
    <skipped/>
  </testcase> <!-- editMyProfile -->
  <testcase classname="tests.TC4_SearchingProductShoe" name="searchingTheProduct" time="14.594"/>
  <testcase classname="tests.TC4_SearchingProductShoe" name="searchingTheProduct" time="0.0">
    <skipped/>
  </testcase> <!-- searchingTheProduct -->
  <testcase classname="tests.TC5_VerifyingProductDetailPage" name="verifyProductDetails" time="21.594"/>
  <testcase classname="tests.TC5_VerifyingProductDetailPage" name="verifyProductDetails" time="0.001">
    <skipped/>
  </testcase> <!-- verifyProductDetails -->
</testsuite> <!-- Test -->
