<?xml version="1.0" encoding="UTF-8"?>
<testsuite xmlns:xsi="http://www.w3.org/2001/XMLSchema-instance" xsi:noNamespaceSchemaLocation="https://maven.apache.org/surefire/maven-surefire-plugin/xsd/surefire-test-report.xsd" version="3.0.2" name="TestSuite" time="87.848" tests="11" errors="0" skipped="6" failures="1">
  <properties>
[...]
</properties>
  <testcase name="withValidCredentials[bhavanibrgr@gmail.com, Bhavani@123, valid-valid](1)" classname="tests.TC1_LoginWithValidCred" time="9.121">
    <system-out><![CDATA[11:18:48 [main] INFO  tests.TC1_LoginWithValidCred - hover over is done
11:18:55 [main] INFO  tests.TC1_LoginWithValidCred - username and password entered successfully
]]></system-out>
    <system-err><![CDATA[SLF4J: Failed to load class "org.slf4j.impl.StaticLoggerBinder".
SLF4J: Defaulting to no-operation (NOP) logger implementation
SLF4J: See http://www.slf4j.org/codes.html#StaticLoggerBinder for further details.
Mar 24, 2026 11:18:45 AM org.openqa.selenium.devtools.CdpVersionFinder findNearestMatch
WARNING: Unable to find an exact match for CDP version 146, returning the closest version; found: 144; Please update to a Selenium version that supports CDP version 146
]]></system-err>
  </testcase>
  <testcase name="withValidCredentials[bhavanibrgr@gmail.com, bhavani@123, valid-invalid](2)" classname="tests.TC1_LoginWithValidCred" time="0.0">
    <skipped message="Skipping non-valid data"/>
    <system-err><![CDATA[Mar 24, 2026 11:18:56 AM org.openqa.selenium.devtools.CdpVersionFinder findNearestMatch
WARNING: Unable to find an exact match for CDP version 146, returning the closest version; found: 144; Please update to a Selenium version that supports CDP version 146
]]></system-err>
  </testcase>
  <testcase name="loginWithInvalidCred[bhavanibrgr@gmail.com, Bhavani@123, valid-valid](1)" classname="tests.TC2_LoginFailWithInvalidCred" time="0.0">
    <skipped message="Skipping valid data"/>
    <system-err><![CDATA[Mar 24, 2026 11:18:57 AM org.openqa.selenium.devtools.CdpVersionFinder findNearestMatch
WARNING: Unable to find an exact match for CDP version 146, returning the closest version; found: 144; Please update to a Selenium version that supports CDP version 146
]]></system-err>
  </testcase>
  <testcase name="loginWithInvalidCred[bhavanibrgr@gmail.com, bhavani@123, valid-invalid](2)" classname="tests.TC2_LoginFailWithInvalidCred" time="6.857">
    <system-out><![CDATA[11:19:02 [main] INFO  tests.TC2_LoginFailWithInvalidCred - hover over is done
11:19:07 [main] INFO  tests.TC2_LoginFailWithInvalidCred - valid username and invalid password entered successfully
]]></system-out>
    <system-err><![CDATA[Mar 24, 2026 11:18:59 AM org.openqa.selenium.devtools.CdpVersionFinder findNearestMatch
WARNING: Unable to find an exact match for CDP version 146, returning the closest version; found: 144; Please update to a Selenium version that supports CDP version 146
]]></system-err>
  </testcase>
  <testcase name="editMyProfile[bhavanibrgr@gmail.com, Bhavani@123, valid-valid](1)" classname="tests.TC3_EditTheProfileInfo" time="17.491">
    <system-out><![CDATA[11:19:10 [main] INFO  tests.TC3_EditTheProfileInfo - hover over is done
11:19:17 [main] INFO  tests.TC3_EditTheProfileInfo - username and password entered successfully
11:19:25 [main] INFO  tests.TC3_EditTheProfileInfo - Clicked on view link successfully
11:19:26 [main] INFO  tests.TC3_EditTheProfileInfo - Profile edited successfully
]]></system-out>
    <system-err><![CDATA[Mar 24, 2026 11:19:08 AM org.openqa.selenium.devtools.CdpVersionFinder findNearestMatch
WARNING: Unable to find an exact match for CDP version 146, returning the closest version; found: 144; Please update to a Selenium version that supports CDP version 146
]]></system-err>
  </testcase>
  <testcase name="editMyProfile[bhavanibrgr@gmail.com, bhavani@123, valid-invalid](2)" classname="tests.TC3_EditTheProfileInfo" time="0.0">
    <skipped message="Skipping non-valid data"/>
    <system-err><![CDATA[Mar 24, 2026 11:19:27 AM org.openqa.selenium.devtools.CdpVersionFinder findNearestMatch
WARNING: Unable to find an exact match for CDP version 146, returning the closest version; found: 144; Please update to a Selenium version that supports CDP version 146
]]></system-err>
  </testcase>
  <testcase name="searchingTheProduct[bhavanibrgr@gmail.com, Bhavani@123, valid-valid](1)" classname="tests.TC4_SearchingProductShoe" time="11.987">
    <system-out><![CDATA[11:19:31 [main] INFO  tests.TC3_EditTheProfileInfo - hover over is done
11:19:38 [main] INFO  tests.TC3_EditTheProfileInfo - username and password entered successfully
11:19:41 [main] INFO  tests.TC3_EditTheProfileInfo - product searched successfully
]]></system-out>
    <system-err><![CDATA[Mar 24, 2026 11:19:28 AM org.openqa.selenium.devtools.CdpVersionFinder findNearestMatch
WARNING: Unable to find an exact match for CDP version 146, returning the closest version; found: 144; Please update to a Selenium version that supports CDP version 146
]]></system-err>
  </testcase>
  <testcase name="searchingTheProduct[bhavanibrgr@gmail.com, bhavani@123, valid-invalid](2)" classname="tests.TC4_SearchingProductShoe" time="0.0">
    <skipped message="Skipping non-valid data"/>
    <system-err><![CDATA[Mar 24, 2026 11:19:42 AM org.openqa.selenium.devtools.CdpVersionFinder findNearestMatch
WARNING: Unable to find an exact match for CDP version 146, returning the closest version; found: 144; Please update to a Selenium version that supports CDP version 146
]]></system-err>
  </testcase>
  <testcase name="verifyProductDetails[bhavanibrgr@gmail.com, Bhavani@123, valid-valid](1)" classname="tests.TC5_VerifyingProductDetailPage" time="0.0">
    <skipped message="stale element reference: stale element not found&#10;  (Session info: chrome=146.0.7680.155)&#10;For documentation on this error, please visit: https://www.selenium.dev/documentation/webdriver/troubleshooting/errors#staleelementreferenceexception&#10;Build info: version: &apos;4.40.0&apos;, revision: &apos;b3333f1&apos;&#10;System info: os.name: &apos;Windows 11&apos;, os.arch: &apos;amd64&apos;, os.version: &apos;10.0&apos;, java.version: &apos;21.0.7&apos;&#10;Driver info: org.openqa.selenium.chrome.ChromeDriver&#10;Command: [595619b78d738993c6d3f416017e8f9d, isElementDisplayed {id=f.450C558B51449B833B36C4CE7D939766.d.D3C01DC2AC5088AA2A587FEE0E48E752.e.182}]&#10;Capabilities {acceptInsecureCerts: false, browserName: chrome, browserVersion: 146.0.7680.155, chrome: {chromedriverVersion: 146.0.7680.165 (4b989da09e1..., userDataDir: C:\Users\admin\AppData\Loca...}, fedcm:accounts: true, goog:chromeOptions: {debuggerAddress: localhost:55415}, goog:processID: 10564, networkConnectionEnabled: false, pageLoadStrategy: normal, platformName: windows, proxy: Proxy(), se:cdp: ws://localhost:55415/devtoo..., se:cdpVersion: 146.0.7680.155, setWindowRect: true, strictFileInteractability: false, timeouts: {implicit: 0, pageLoad: 300000, script: 30000}, unhandledPromptBehavior: dismiss and notify, webauthn:extension:credBlob: true, webauthn:extension:largeBlob: true, webauthn:extension:minPinLength: true, webauthn:extension:prf: true, webauthn:virtualAuthenticators: true}&#10;Element: [[ChromeDriver: chrome on windows (595619b78d738993c6d3f416017e8f9d)] -&gt; name: password]&#10;Session ID: 595619b78d738993c6d3f416017e8f9d"/>
    <system-out><![CDATA[11:19:47 [main] INFO  tests.TC3_EditTheProfileInfo - hover over is done
]]></system-out>
    <system-err><![CDATA[Mar 24, 2026 11:19:44 AM org.openqa.selenium.devtools.CdpVersionFinder findNearestMatch
WARNING: Unable to find an exact match for CDP version 146, returning the closest version; found: 144; Please update to a Selenium version that supports CDP version 146
]]></system-err>
  </testcase>
  <testcase name="verifyProductDetails[bhavanibrgr@gmail.com, Bhavani@123, valid-valid](2)" classname="tests.TC5_VerifyingProductDetailPage" time="16.127">
    <failure type="java.util.NoSuchElementException"><![CDATA[java.util.NoSuchElementException
	at java.base/java.util.LinkedHashMap$LinkedHashIterator.nextNode(LinkedHashMap.java:1025)
	at java.base/java.util.LinkedHashMap$LinkedKeyIterator.next(LinkedHashMap.java:1046)
	at pages.SearchResultPage.click1stProduct_MovingControl(SearchResultPage.java:32)
	at tests.TC5_VerifyingProductDetailPage.verifyProductDetails(TC5_VerifyingProductDetailPage.java:47)
	at java.base/jdk.internal.reflect.DirectMethodHandleAccessor.invoke(DirectMethodHandleAccessor.java:103)
	at java.base/java.lang.reflect.Method.invoke(Method.java:580)
	at org.testng.internal.invokers.MethodInvocationHelper.invokeMethod(MethodInvocationHelper.java:141)
	at org.testng.internal.invokers.TestInvoker.invokeMethod(TestInvoker.java:686)
	at org.testng.internal.invokers.TestInvoker.retryFailed(TestInvoker.java:269)
	at org.testng.internal.invokers.MethodRunner.runInSequence(MethodRunner.java:76)
	at org.testng.internal.invokers.TestInvoker$MethodInvocationAgent.invoke(TestInvoker.java:992)
	at org.testng.internal.invokers.TestInvoker.invokeTestMethods(TestInvoker.java:203)
	at org.testng.internal.invokers.TestMethodWorker.invokeTestMethods(TestMethodWorker.java:154)
	at org.testng.internal.invokers.TestMethodWorker.run(TestMethodWorker.java:134)
	at java.base/java.util.ArrayList.forEach(ArrayList.java:1596)
	at org.testng.TestRunner.privateRun(TestRunner.java:739)
	at org.testng.TestRunner.run(TestRunner.java:614)
	at org.testng.SuiteRunner.runTest(SuiteRunner.java:421)
	at org.testng.SuiteRunner.runSequentially(SuiteRunner.java:413)
	at org.testng.SuiteRunner.privateRun(SuiteRunner.java:373)
	at org.testng.SuiteRunner.run(SuiteRunner.java:312)
	at org.testng.SuiteRunnerWorker.runSuite(SuiteRunnerWorker.java:52)
	at org.testng.SuiteRunnerWorker.run(SuiteRunnerWorker.java:95)
	at org.testng.TestNG.runSuitesSequentially(TestNG.java:1274)
	at org.testng.TestNG.runSuitesLocally(TestNG.java:1208)
	at org.testng.TestNG.runSuites(TestNG.java:1112)
	at org.testng.TestNG.run(TestNG.java:1079)
	at org.apache.maven.surefire.testng.TestNGExecutor.run(TestNGExecutor.java:308)
	at org.apache.maven.surefire.testng.TestNGXmlTestSuite.execute(TestNGXmlTestSuite.java:71)
	at org.apache.maven.surefire.testng.TestNGProvider.invoke(TestNGProvider.java:113)
	at org.apache.maven.surefire.booter.ForkedBooter.runSuitesInProcess(ForkedBooter.java:385)
	at org.apache.maven.surefire.booter.ForkedBooter.execute(ForkedBooter.java:162)
	at org.apache.maven.surefire.booter.ForkedBooter.run(ForkedBooter.java:507)
	at org.apache.maven.surefire.booter.ForkedBooter.main(ForkedBooter.java:495)
]]></failure>
    <system-out><![CDATA[11:19:53 [main] INFO  tests.TC3_EditTheProfileInfo - hover over is done
11:20:00 [main] INFO  tests.TC3_EditTheProfileInfo - username and password entered successfully
11:20:04 [main] INFO  tests.TC3_EditTheProfileInfo - product searched successfully
]]></system-out>
    <system-err><![CDATA[Mar 24, 2026 11:19:51 AM org.openqa.selenium.devtools.CdpVersionFinder findNearestMatch
WARNING: Unable to find an exact match for CDP version 146, returning the closest version; found: 144; Please update to a Selenium version that supports CDP version 146
]]></system-err>
  </testcase>
  <testcase name="verifyProductDetails[bhavanibrgr@gmail.com, bhavani@123, valid-invalid](3)" classname="tests.TC5_VerifyingProductDetailPage" time="0.0">
    <skipped message="Skipping non-valid data"/>
    <system-err><![CDATA[Mar 24, 2026 11:20:09 AM org.openqa.selenium.devtools.CdpVersionFinder findNearestMatch
WARNING: Unable to find an exact match for CDP version 146, returning the closest version; found: 144; Please update to a Selenium version that supports CDP version 146
]]></system-err>
  </testcase>
</testsuite>