<?xml version="1.0" encoding="UTF-8"?>
<testng-results ignored="0" total="10" passed="5" failed="0" skipped="5">
  <reporter-output>
    <line>
      <![CDATA[Running vali-valid data]]>
    </line>
  </reporter-output>
  <suite started-at="2026-03-24T15:38:56 IST" name="Suite" finished-at="2026-03-24T15:40:31 IST" duration-ms="95119">
    <groups>
    </groups>
    <test started-at="2026-03-24T15:38:56 IST" name="Test" finished-at="2026-03-24T15:40:31 IST" duration-ms="95119">
      <class name="tests.TC4_SearchingProductShoe">
        <test-method is-config="true" signature="launchBrowser(java.lang.String)[pri:0, instance:tests.TC4_SearchingProductShoe@37c7595]" started-at="2026-03-24T15:39:44 IST" name="launchBrowser" finished-at="2026-03-24T15:39:46 IST" duration-ms="1462" status="PASS">
          <params>
            <param index="0">
              <value>
                <![CDATA[chrome]]>
              </value>
            </param>
          </params>
          <reporter-output>
          </reporter-output>
        </test-method> <!-- launchBrowser -->
        <test-method signature="searchingTheProduct(java.lang.String,java.lang.String,java.lang.String)[pri:0, instance:tests.TC4_SearchingProductShoe@37c7595]" started-at="2026-03-24T15:39:46 IST" name="searchingTheProduct" data-provider="loginData" finished-at="2026-03-24T15:40:00 IST" duration-ms="14594" status="PASS">
          <params>
            <param index="0">
              <value>
                <![CDATA[bhavanibrgr@gmail.com]]>
              </value>
            </param>
            <param index="1">
              <value>
                <![CDATA[Bhavani@123]]>
              </value>
            </param>
            <param index="2">
              <value>
                <![CDATA[valid-valid]]>
              </value>
            </param>
          </params>
          <reporter-output>
          </reporter-output>
        </test-method> <!-- searchingTheProduct -->
        <test-method is-config="true" signature="closeBrowser()[pri:0, instance:tests.TC4_SearchingProductShoe@37c7595]" started-at="2026-03-24T15:40:01 IST" name="closeBrowser" finished-at="2026-03-24T15:40:01 IST" duration-ms="254" status="PASS">
          <reporter-output>
          </reporter-output>
        </test-method> <!-- closeBrowser -->
        <test-method is-config="true" signature="launchBrowser(java.lang.String)[pri:0, instance:tests.TC4_SearchingProductShoe@37c7595]" started-at="2026-03-24T15:40:01 IST" name="launchBrowser" finished-at="2026-03-24T15:40:05 IST" duration-ms="3728" status="PASS">
          <params>
            <param index="0">
              <value>
                <![CDATA[chrome]]>
              </value>
            </param>
          </params>
          <reporter-output>
          </reporter-output>
        </test-method> <!-- launchBrowser -->
        <test-method signature="searchingTheProduct(java.lang.String,java.lang.String,java.lang.String)[pri:0, instance:tests.TC4_SearchingProductShoe@37c7595]" started-at="2026-03-24T15:40:05 IST" name="searchingTheProduct" data-provider="loginData" finished-at="2026-03-24T15:40:05 IST" duration-ms="0" status="SKIP">
          <params>
            <param index="0">
              <value>
                <![CDATA[bhavanibrgr@gmail.com]]>
              </value>
            </param>
            <param index="1">
              <value>
                <![CDATA[bhavani@123]]>
              </value>
            </param>
            <param index="2">
              <value>
                <![CDATA[valid-invalid]]>
              </value>
            </param>
          </params>
          <exception class="org.testng.SkipException">
            <message>
              <![CDATA[Skipping non-valid data]]>
            </message>
            <full-stacktrace>
              <![CDATA[org.testng.SkipException: Skipping non-valid data
at tests.TC4_SearchingProductShoe.searchingTheProduct(TC4_SearchingProductShoe.java:25)
at java.base/jdk.internal.reflect.DirectMethodHandleAccessor.invoke(DirectMethodHandleAccessor.java:103)
at java.base/java.lang.reflect.Method.invoke(Method.java:580)
at org.testng.internal.invokers.MethodInvocationHelper.invokeMethod(MethodInvocationHelper.java:141)
at org.testng.internal.invokers.TestInvoker.invokeMethod(TestInvoker.java:686)
at org.testng.internal.invokers.TestInvoker.invokeTestMethod(TestInvoker.java:230)
at org.testng.internal.invokers.MethodRunner.runInSequence(MethodRunner.java:63)
at org.testng.internal.invokers.TestInvoker$MethodInvocationAgent.invoke(TestInvoker.java:992)
at org.testng.internal.invokers.TestInvoker.invokeTestMethods(TestInvoker.java:203)
at org.testng.internal.invokers.TestMethodWorker.invokeTestMethods(TestMethodWorker.java:154)
at org.testng.internal.invokers.TestMethodWorker.run(TestMethodWorker.java:134)
at java.base/java.util.ArrayList.forEach(ArrayList.java:1596)
at org.testng.TestRunner.privateRun(TestRunner.java:739)
at org.testng.TestRunner.run(TestRunner.java:614)
at org.testng.SuiteRunner.runTest(SuiteRunner.java:421)
at org.testng.SuiteRunner.runSequentially(SuiteRunner.java:413)
at org.testng.SuiteRunner.privateRun(SuiteRunner.java:373)
at org.testng.SuiteRunner.run(SuiteRunner.java:312)
at org.testng.SuiteRunnerWorker.runSuite(SuiteRunnerWorker.java:52)
at org.testng.SuiteRunnerWorker.run(SuiteRunnerWorker.java:95)
at org.testng.TestNG.runSuitesSequentially(TestNG.java:1274)
at org.testng.TestNG.runSuitesLocally(TestNG.java:1208)
at org.testng.TestNG.runSuites(TestNG.java:1112)
at org.testng.TestNG.run(TestNG.java:1079)
at org.apache.maven.surefire.testng.TestNGExecutor.run(TestNGExecutor.java:308)
at org.apache.maven.surefire.testng.TestNGXmlTestSuite.execute(TestNGXmlTestSuite.java:71)
at org.apache.maven.surefire.testng.TestNGProvider.invoke(TestNGProvider.java:113)
at org.apache.maven.surefire.booter.ForkedBooter.runSuitesInProcess(ForkedBooter.java:385)
at org.apache.maven.surefire.booter.ForkedBooter.execute(ForkedBooter.java:162)
at org.apache.maven.surefire.booter.ForkedBooter.run(ForkedBooter.java:507)
at org.apache.maven.surefire.booter.ForkedBooter.main(ForkedBooter.java:495)
]]>
            </full-stacktrace>
          </exception> <!-- org.testng.SkipException -->
          <reporter-output>
          </reporter-output>
        </test-method> <!-- searchingTheProduct -->
        <test-method is-config="true" signature="closeBrowser()[pri:0, instance:tests.TC4_SearchingProductShoe@37c7595]" started-at="2026-03-24T15:40:05 IST" name="closeBrowser" finished-at="2026-03-24T15:40:05 IST" duration-ms="243" status="PASS">
          <reporter-output>
          </reporter-output>
        </test-method> <!-- closeBrowser -->
      </class> <!-- tests.TC4_SearchingProductShoe -->
      <class name="tests.TC2_LoginFailWithInvalidCred">
        <test-method is-config="true" signature="launchBrowser(java.lang.String)[pri:0, instance:tests.TC2_LoginFailWithInvalidCred@5cde6747]" started-at="2026-03-24T15:39:10 IST" name="launchBrowser" finished-at="2026-03-24T15:39:14 IST" duration-ms="3455" status="PASS">
          <params>
            <param index="0">
              <value>
                <![CDATA[chrome]]>
              </value>
            </param>
          </params>
          <reporter-output>
          </reporter-output>
        </test-method> <!-- launchBrowser -->
        <test-method signature="loginWithInvalidCred(java.lang.String,java.lang.String,java.lang.String)[pri:0, instance:tests.TC2_LoginFailWithInvalidCred@5cde6747]" started-at="2026-03-24T15:39:14 IST" name="loginWithInvalidCred" data-provider="loginData" finished-at="2026-03-24T15:39:14 IST" duration-ms="0" status="SKIP">
          <params>
            <param index="0">
              <value>
                <![CDATA[bhavanibrgr@gmail.com]]>
              </value>
            </param>
            <param index="1">
              <value>
                <![CDATA[Bhavani@123]]>
              </value>
            </param>
            <param index="2">
              <value>
                <![CDATA[valid-valid]]>
              </value>
            </param>
          </params>
          <exception class="org.testng.SkipException">
            <message>
              <![CDATA[Skipping valid data]]>
            </message>
            <full-stacktrace>
              <![CDATA[org.testng.SkipException: Skipping valid data
at tests.TC2_LoginFailWithInvalidCred.loginWithInvalidCred(TC2_LoginFailWithInvalidCred.java:27)
at java.base/jdk.internal.reflect.DirectMethodHandleAccessor.invoke(DirectMethodHandleAccessor.java:103)
at java.base/java.lang.reflect.Method.invoke(Method.java:580)
at org.testng.internal.invokers.MethodInvocationHelper.invokeMethod(MethodInvocationHelper.java:141)
at org.testng.internal.invokers.TestInvoker.invokeMethod(TestInvoker.java:686)
at org.testng.internal.invokers.TestInvoker.invokeTestMethod(TestInvoker.java:230)
at org.testng.internal.invokers.MethodRunner.runInSequence(MethodRunner.java:63)
at org.testng.internal.invokers.TestInvoker$MethodInvocationAgent.invoke(TestInvoker.java:992)
at org.testng.internal.invokers.TestInvoker.invokeTestMethods(TestInvoker.java:203)
at org.testng.internal.invokers.TestMethodWorker.invokeTestMethods(TestMethodWorker.java:154)
at org.testng.internal.invokers.TestMethodWorker.run(TestMethodWorker.java:134)
at java.base/java.util.ArrayList.forEach(ArrayList.java:1596)
at org.testng.TestRunner.privateRun(TestRunner.java:739)
at org.testng.TestRunner.run(TestRunner.java:614)
at org.testng.SuiteRunner.runTest(SuiteRunner.java:421)
at org.testng.SuiteRunner.runSequentially(SuiteRunner.java:413)
at org.testng.SuiteRunner.privateRun(SuiteRunner.java:373)
at org.testng.SuiteRunner.run(SuiteRunner.java:312)
at org.testng.SuiteRunnerWorker.runSuite(SuiteRunnerWorker.java:52)
at org.testng.SuiteRunnerWorker.run(SuiteRunnerWorker.java:95)
at org.testng.TestNG.runSuitesSequentially(TestNG.java:1274)
at org.testng.TestNG.runSuitesLocally(TestNG.java:1208)
at org.testng.TestNG.runSuites(TestNG.java:1112)
at org.testng.TestNG.run(TestNG.java:1079)
at org.apache.maven.surefire.testng.TestNGExecutor.run(TestNGExecutor.java:308)
at org.apache.maven.surefire.testng.TestNGXmlTestSuite.execute(TestNGXmlTestSuite.java:71)
at org.apache.maven.surefire.testng.TestNGProvider.invoke(TestNGProvider.java:113)
at org.apache.maven.surefire.booter.ForkedBooter.runSuitesInProcess(ForkedBooter.java:385)
at org.apache.maven.surefire.booter.ForkedBooter.execute(ForkedBooter.java:162)
at org.apache.maven.surefire.booter.ForkedBooter.run(ForkedBooter.java:507)
at org.apache.maven.surefire.booter.ForkedBooter.main(ForkedBooter.java:495)
]]>
            </full-stacktrace>
          </exception> <!-- org.testng.SkipException -->
          <reporter-output>
          </reporter-output>
        </test-method> <!-- loginWithInvalidCred -->
        <test-method is-config="true" signature="closeBrowser()[pri:0, instance:tests.TC2_LoginFailWithInvalidCred@5cde6747]" started-at="2026-03-24T15:39:14 IST" name="closeBrowser" finished-at="2026-03-24T15:39:14 IST" duration-ms="194" status="PASS">
          <reporter-output>
          </reporter-output>
        </test-method> <!-- closeBrowser -->
        <test-method is-config="true" signature="launchBrowser(java.lang.String)[pri:0, instance:tests.TC2_LoginFailWithInvalidCred@5cde6747]" started-at="2026-03-24T15:39:14 IST" name="launchBrowser" finished-at="2026-03-24T15:39:16 IST" duration-ms="1944" status="PASS">
          <params>
            <param index="0">
              <value>
                <![CDATA[chrome]]>
              </value>
            </param>
          </params>
          <reporter-output>
          </reporter-output>
        </test-method> <!-- launchBrowser -->
        <test-method signature="loginWithInvalidCred(java.lang.String,java.lang.String,java.lang.String)[pri:0, instance:tests.TC2_LoginFailWithInvalidCred@5cde6747]" started-at="2026-03-24T15:39:16 IST" name="loginWithInvalidCred" data-provider="loginData" finished-at="2026-03-24T15:39:23 IST" duration-ms="7012" status="PASS">
          <params>
            <param index="0">
              <value>
                <![CDATA[bhavanibrgr@gmail.com]]>
              </value>
            </param>
            <param index="1">
              <value>
                <![CDATA[bhavani@123]]>
              </value>
            </param>
            <param index="2">
              <value>
                <![CDATA[valid-invalid]]>
              </value>
            </param>
          </params>
          <reporter-output>
          </reporter-output>
        </test-method> <!-- loginWithInvalidCred -->
        <test-method is-config="true" signature="closeBrowser()[pri:0, instance:tests.TC2_LoginFailWithInvalidCred@5cde6747]" started-at="2026-03-24T15:39:23 IST" name="closeBrowser" finished-at="2026-03-24T15:39:23 IST" duration-ms="238" status="PASS">
          <reporter-output>
          </reporter-output>
        </test-method> <!-- closeBrowser -->
      </class> <!-- tests.TC2_LoginFailWithInvalidCred -->
      <class name="tests.TC5_VerifyingProductDetailPage">
        <test-method is-config="true" signature="launchBrowser(java.lang.String)[pri:0, instance:tests.TC5_VerifyingProductDetailPage@3ed242a4]" started-at="2026-03-24T15:40:05 IST" name="launchBrowser" finished-at="2026-03-24T15:40:07 IST" duration-ms="1809" status="PASS">
          <params>
            <param index="0">
              <value>
                <![CDATA[chrome]]>
              </value>
            </param>
          </params>
          <reporter-output>
          </reporter-output>
        </test-method> <!-- launchBrowser -->
        <test-method signature="verifyProductDetails(java.lang.String,java.lang.String,java.lang.String)[pri:0, instance:tests.TC5_VerifyingProductDetailPage@3ed242a4]" started-at="2026-03-24T15:40:07 IST" name="verifyProductDetails" data-provider="loginData" finished-at="2026-03-24T15:40:28 IST" duration-ms="21594" status="PASS">
          <params>
            <param index="0">
              <value>
                <![CDATA[bhavanibrgr@gmail.com]]>
              </value>
            </param>
            <param index="1">
              <value>
                <![CDATA[Bhavani@123]]>
              </value>
            </param>
            <param index="2">
              <value>
                <![CDATA[valid-valid]]>
              </value>
            </param>
          </params>
          <reporter-output>
          </reporter-output>
        </test-method> <!-- verifyProductDetails -->
        <test-method is-config="true" signature="closeBrowser()[pri:0, instance:tests.TC5_VerifyingProductDetailPage@3ed242a4]" started-at="2026-03-24T15:40:28 IST" name="closeBrowser" finished-at="2026-03-24T15:40:29 IST" duration-ms="313" status="PASS">
          <reporter-output>
          </reporter-output>
        </test-method> <!-- closeBrowser -->
        <test-method is-config="true" signature="launchBrowser(java.lang.String)[pri:0, instance:tests.TC5_VerifyingProductDetailPage@3ed242a4]" started-at="2026-03-24T15:40:29 IST" name="launchBrowser" finished-at="2026-03-24T15:40:31 IST" duration-ms="1881" status="PASS">
          <params>
            <param index="0">
              <value>
                <![CDATA[chrome]]>
              </value>
            </param>
          </params>
          <reporter-output>
          </reporter-output>
        </test-method> <!-- launchBrowser -->
        <test-method signature="verifyProductDetails(java.lang.String,java.lang.String,java.lang.String)[pri:0, instance:tests.TC5_VerifyingProductDetailPage@3ed242a4]" started-at="2026-03-24T15:40:31 IST" name="verifyProductDetails" data-provider="loginData" finished-at="2026-03-24T15:40:31 IST" duration-ms="1" status="SKIP">
          <params>
            <param index="0">
              <value>
                <![CDATA[bhavanibrgr@gmail.com]]>
              </value>
            </param>
            <param index="1">
              <value>
                <![CDATA[bhavani@123]]>
              </value>
            </param>
            <param index="2">
              <value>
                <![CDATA[valid-invalid]]>
              </value>
            </param>
          </params>
          <exception class="org.testng.SkipException">
            <message>
              <![CDATA[Skipping non-valid data]]>
            </message>
            <full-stacktrace>
              <![CDATA[org.testng.SkipException: Skipping non-valid data
at tests.TC5_VerifyingProductDetailPage.verifyProductDetails(TC5_VerifyingProductDetailPage.java:26)
at java.base/jdk.internal.reflect.DirectMethodHandleAccessor.invoke(DirectMethodHandleAccessor.java:103)
at java.base/java.lang.reflect.Method.invoke(Method.java:580)
at org.testng.internal.invokers.MethodInvocationHelper.invokeMethod(MethodInvocationHelper.java:141)
at org.testng.internal.invokers.TestInvoker.invokeMethod(TestInvoker.java:686)
at org.testng.internal.invokers.TestInvoker.invokeTestMethod(TestInvoker.java:230)
at org.testng.internal.invokers.MethodRunner.runInSequence(MethodRunner.java:63)
at org.testng.internal.invokers.TestInvoker$MethodInvocationAgent.invoke(TestInvoker.java:992)
at org.testng.internal.invokers.TestInvoker.invokeTestMethods(TestInvoker.java:203)
at org.testng.internal.invokers.TestMethodWorker.invokeTestMethods(TestMethodWorker.java:154)
at org.testng.internal.invokers.TestMethodWorker.run(TestMethodWorker.java:134)
at java.base/java.util.ArrayList.forEach(ArrayList.java:1596)
at org.testng.TestRunner.privateRun(TestRunner.java:739)
at org.testng.TestRunner.run(TestRunner.java:614)
at org.testng.SuiteRunner.runTest(SuiteRunner.java:421)
at org.testng.SuiteRunner.runSequentially(SuiteRunner.java:413)
at org.testng.SuiteRunner.privateRun(SuiteRunner.java:373)
at org.testng.SuiteRunner.run(SuiteRunner.java:312)
at org.testng.SuiteRunnerWorker.runSuite(SuiteRunnerWorker.java:52)
at org.testng.SuiteRunnerWorker.run(SuiteRunnerWorker.java:95)
at org.testng.TestNG.runSuitesSequentially(TestNG.java:1274)
at org.testng.TestNG.runSuitesLocally(TestNG.java:1208)
at org.testng.TestNG.runSuites(TestNG.java:1112)
at org.testng.TestNG.run(TestNG.java:1079)
at org.apache.maven.surefire.testng.TestNGExecutor.run(TestNGExecutor.java:308)
at org.apache.maven.surefire.testng.TestNGXmlTestSuite.execute(TestNGXmlTestSuite.java:71)
at org.apache.maven.surefire.testng.TestNGProvider.invoke(TestNGProvider.java:113)
at org.apache.maven.surefire.booter.ForkedBooter.runSuitesInProcess(ForkedBooter.java:385)
at org.apache.maven.surefire.booter.ForkedBooter.execute(ForkedBooter.java:162)
at org.apache.maven.surefire.booter.ForkedBooter.run(ForkedBooter.java:507)
at org.apache.maven.surefire.booter.ForkedBooter.main(ForkedBooter.java:495)
]]>
            </full-stacktrace>
          </exception> <!-- org.testng.SkipException -->
          <reporter-output>
          </reporter-output>
        </test-method> <!-- verifyProductDetails -->
        <test-method is-config="true" signature="closeBrowser()[pri:0, instance:tests.TC5_VerifyingProductDetailPage@3ed242a4]" started-at="2026-03-24T15:40:31 IST" name="closeBrowser" finished-at="2026-03-24T15:40:31 IST" duration-ms="226" status="PASS">
          <reporter-output>
          </reporter-output>
        </test-method> <!-- closeBrowser -->
      </class> <!-- tests.TC5_VerifyingProductDetailPage -->
      <class name="tests.TC1_LoginWithValidCred">
        <test-method is-config="true" signature="launchBrowser(java.lang.String)[pri:0, instance:tests.TC1_LoginWithValidCred@74eb909f]" started-at="2026-03-24T15:38:56 IST" name="launchBrowser" finished-at="2026-03-24T15:39:00 IST" duration-ms="3806" status="PASS">
          <params>
            <param index="0">
              <value>
                <![CDATA[chrome]]>
              </value>
            </param>
          </params>
          <reporter-output>
          </reporter-output>
        </test-method> <!-- launchBrowser -->
        <test-method signature="withValidCredentials(java.lang.String,java.lang.String,java.lang.String)[pri:0, instance:tests.TC1_LoginWithValidCred@74eb909f]" started-at="2026-03-24T15:39:00 IST" name="withValidCredentials" data-provider="loginData" finished-at="2026-03-24T15:39:08 IST" duration-ms="7408" status="PASS">
          <params>
            <param index="0">
              <value>
                <![CDATA[bhavanibrgr@gmail.com]]>
              </value>
            </param>
            <param index="1">
              <value>
                <![CDATA[Bhavani@123]]>
              </value>
            </param>
            <param index="2">
              <value>
                <![CDATA[valid-valid]]>
              </value>
            </param>
          </params>
          <reporter-output>
            <line>
              <![CDATA[Running vali-valid data]]>
            </line>
          </reporter-output>
        </test-method> <!-- withValidCredentials -->
        <test-method is-config="true" signature="closeBrowser()[pri:0, instance:tests.TC1_LoginWithValidCred@74eb909f]" started-at="2026-03-24T15:39:08 IST" name="closeBrowser" finished-at="2026-03-24T15:39:08 IST" duration-ms="243" status="PASS">
          <reporter-output>
          </reporter-output>
        </test-method> <!-- closeBrowser -->
        <test-method is-config="true" signature="launchBrowser(java.lang.String)[pri:0, instance:tests.TC1_LoginWithValidCred@74eb909f]" started-at="2026-03-24T15:39:08 IST" name="launchBrowser" finished-at="2026-03-24T15:39:10 IST" duration-ms="1840" status="PASS">
          <params>
            <param index="0">
              <value>
                <![CDATA[chrome]]>
              </value>
            </param>
          </params>
          <reporter-output>
          </reporter-output>
        </test-method> <!-- launchBrowser -->
        <test-method signature="withValidCredentials(java.lang.String,java.lang.String,java.lang.String)[pri:0, instance:tests.TC1_LoginWithValidCred@74eb909f]" started-at="2026-03-24T15:39:10 IST" name="withValidCredentials" data-provider="loginData" finished-at="2026-03-24T15:39:10 IST" duration-ms="1" status="SKIP">
          <params>
            <param index="0">
              <value>
                <![CDATA[bhavanibrgr@gmail.com]]>
              </value>
            </param>
            <param index="1">
              <value>
                <![CDATA[bhavani@123]]>
              </value>
            </param>
            <param index="2">
              <value>
                <![CDATA[valid-invalid]]>
              </value>
            </param>
          </params>
          <exception class="org.testng.SkipException">
            <message>
              <![CDATA[Skipping non-valid data]]>
            </message>
            <full-stacktrace>
              <![CDATA[org.testng.SkipException: Skipping non-valid data
at tests.TC1_LoginWithValidCred.withValidCredentials(TC1_LoginWithValidCred.java:27)
at java.base/jdk.internal.reflect.DirectMethodHandleAccessor.invoke(DirectMethodHandleAccessor.java:103)
at java.base/java.lang.reflect.Method.invoke(Method.java:580)
at org.testng.internal.invokers.MethodInvocationHelper.invokeMethod(MethodInvocationHelper.java:141)
at org.testng.internal.invokers.TestInvoker.invokeMethod(TestInvoker.java:686)
at org.testng.internal.invokers.TestInvoker.invokeTestMethod(TestInvoker.java:230)
at org.testng.internal.invokers.MethodRunner.runInSequence(MethodRunner.java:63)
at org.testng.internal.invokers.TestInvoker$MethodInvocationAgent.invoke(TestInvoker.java:992)
at org.testng.internal.invokers.TestInvoker.invokeTestMethods(TestInvoker.java:203)
at org.testng.internal.invokers.TestMethodWorker.invokeTestMethods(TestMethodWorker.java:154)
at org.testng.internal.invokers.TestMethodWorker.run(TestMethodWorker.java:134)
at java.base/java.util.ArrayList.forEach(ArrayList.java:1596)
at org.testng.TestRunner.privateRun(TestRunner.java:739)
at org.testng.TestRunner.run(TestRunner.java:614)
at org.testng.SuiteRunner.runTest(SuiteRunner.java:421)
at org.testng.SuiteRunner.runSequentially(SuiteRunner.java:413)
at org.testng.SuiteRunner.privateRun(SuiteRunner.java:373)
at org.testng.SuiteRunner.run(SuiteRunner.java:312)
at org.testng.SuiteRunnerWorker.runSuite(SuiteRunnerWorker.java:52)
at org.testng.SuiteRunnerWorker.run(SuiteRunnerWorker.java:95)
at org.testng.TestNG.runSuitesSequentially(TestNG.java:1274)
at org.testng.TestNG.runSuitesLocally(TestNG.java:1208)
at org.testng.TestNG.runSuites(TestNG.java:1112)
at org.testng.TestNG.run(TestNG.java:1079)
at org.apache.maven.surefire.testng.TestNGExecutor.run(TestNGExecutor.java:308)
at org.apache.maven.surefire.testng.TestNGXmlTestSuite.execute(TestNGXmlTestSuite.java:71)
at org.apache.maven.surefire.testng.TestNGProvider.invoke(TestNGProvider.java:113)
at org.apache.maven.surefire.booter.ForkedBooter.runSuitesInProcess(ForkedBooter.java:385)
at org.apache.maven.surefire.booter.ForkedBooter.execute(ForkedBooter.java:162)
at org.apache.maven.surefire.booter.ForkedBooter.run(ForkedBooter.java:507)
at org.apache.maven.surefire.booter.ForkedBooter.main(ForkedBooter.java:495)
]]>
            </full-stacktrace>
          </exception> <!-- org.testng.SkipException -->
          <reporter-output>
          </reporter-output>
        </test-method> <!-- withValidCredentials -->
        <test-method is-config="true" signature="closeBrowser()[pri:0, instance:tests.TC1_LoginWithValidCred@74eb909f]" started-at="2026-03-24T15:39:10 IST" name="closeBrowser" finished-at="2026-03-24T15:39:10 IST" duration-ms="206" status="PASS">
          <reporter-output>
          </reporter-output>
        </test-method> <!-- closeBrowser -->
      </class> <!-- tests.TC1_LoginWithValidCred -->
      <class name="tests.TC3_EditTheProfileInfo">
        <test-method is-config="true" signature="launchBrowser(java.lang.String)[pri:0, instance:tests.TC3_EditTheProfileInfo@63a270c9]" started-at="2026-03-24T15:39:23 IST" name="launchBrowser" finished-at="2026-03-24T15:39:27 IST" duration-ms="3338" status="PASS">
          <params>
            <param index="0">
              <value>
                <![CDATA[chrome]]>
              </value>
            </param>
          </params>
          <reporter-output>
          </reporter-output>
        </test-method> <!-- launchBrowser -->
        <test-method signature="editMyProfile(java.lang.String,java.lang.String,java.lang.String)[pri:0, instance:tests.TC3_EditTheProfileInfo@63a270c9]" started-at="2026-03-24T15:39:27 IST" name="editMyProfile" data-provider="loginData" finished-at="2026-03-24T15:39:42 IST" duration-ms="15423" status="PASS">
          <params>
            <param index="0">
              <value>
                <![CDATA[bhavanibrgr@gmail.com]]>
              </value>
            </param>
            <param index="1">
              <value>
                <![CDATA[Bhavani@123]]>
              </value>
            </param>
            <param index="2">
              <value>
                <![CDATA[valid-valid]]>
              </value>
            </param>
          </params>
          <reporter-output>
          </reporter-output>
        </test-method> <!-- editMyProfile -->
        <test-method is-config="true" signature="closeBrowser()[pri:0, instance:tests.TC3_EditTheProfileInfo@63a270c9]" started-at="2026-03-24T15:39:42 IST" name="closeBrowser" finished-at="2026-03-24T15:39:42 IST" duration-ms="239" status="PASS">
          <reporter-output>
          </reporter-output>
        </test-method> <!-- closeBrowser -->
        <test-method is-config="true" signature="launchBrowser(java.lang.String)[pri:0, instance:tests.TC3_EditTheProfileInfo@63a270c9]" started-at="2026-03-24T15:39:42 IST" name="launchBrowser" finished-at="2026-03-24T15:39:44 IST" duration-ms="1567" status="PASS">
          <params>
            <param index="0">
              <value>
                <![CDATA[chrome]]>
              </value>
            </param>
          </params>
          <reporter-output>
          </reporter-output>
        </test-method> <!-- launchBrowser -->
        <test-method signature="editMyProfile(java.lang.String,java.lang.String,java.lang.String)[pri:0, instance:tests.TC3_EditTheProfileInfo@63a270c9]" started-at="2026-03-24T15:39:44 IST" name="editMyProfile" data-provider="loginData" finished-at="2026-03-24T15:39:44 IST" duration-ms="1" status="SKIP">
          <params>
            <param index="0">
              <value>
                <![CDATA[bhavanibrgr@gmail.com]]>
              </value>
            </param>
            <param index="1">
              <value>
                <![CDATA[bhavani@123]]>
              </value>
            </param>
            <param index="2">
              <value>
                <![CDATA[valid-invalid]]>
              </value>
            </param>
          </params>
          <exception class="org.testng.SkipException">
            <message>
              <![CDATA[Skipping non-valid data]]>
            </message>
            <full-stacktrace>
              <![CDATA[org.testng.SkipException: Skipping non-valid data
at tests.TC3_EditTheProfileInfo.editMyProfile(TC3_EditTheProfileInfo.java:28)
at java.base/jdk.internal.reflect.DirectMethodHandleAccessor.invoke(DirectMethodHandleAccessor.java:103)
at java.base/java.lang.reflect.Method.invoke(Method.java:580)
at org.testng.internal.invokers.MethodInvocationHelper.invokeMethod(MethodInvocationHelper.java:141)
at org.testng.internal.invokers.TestInvoker.invokeMethod(TestInvoker.java:686)
at org.testng.internal.invokers.TestInvoker.invokeTestMethod(TestInvoker.java:230)
at org.testng.internal.invokers.MethodRunner.runInSequence(MethodRunner.java:63)
at org.testng.internal.invokers.TestInvoker$MethodInvocationAgent.invoke(TestInvoker.java:992)
at org.testng.internal.invokers.TestInvoker.invokeTestMethods(TestInvoker.java:203)
at org.testng.internal.invokers.TestMethodWorker.invokeTestMethods(TestMethodWorker.java:154)
at org.testng.internal.invokers.TestMethodWorker.run(TestMethodWorker.java:134)
at java.base/java.util.ArrayList.forEach(ArrayList.java:1596)
at org.testng.TestRunner.privateRun(TestRunner.java:739)
at org.testng.TestRunner.run(TestRunner.java:614)
at org.testng.SuiteRunner.runTest(SuiteRunner.java:421)
at org.testng.SuiteRunner.runSequentially(SuiteRunner.java:413)
at org.testng.SuiteRunner.privateRun(SuiteRunner.java:373)
at org.testng.SuiteRunner.run(SuiteRunner.java:312)
at org.testng.SuiteRunnerWorker.runSuite(SuiteRunnerWorker.java:52)
at org.testng.SuiteRunnerWorker.run(SuiteRunnerWorker.java:95)
at org.testng.TestNG.runSuitesSequentially(TestNG.java:1274)
at org.testng.TestNG.runSuitesLocally(TestNG.java:1208)
at org.testng.TestNG.runSuites(TestNG.java:1112)
at org.testng.TestNG.run(TestNG.java:1079)
at org.apache.maven.surefire.testng.TestNGExecutor.run(TestNGExecutor.java:308)
at org.apache.maven.surefire.testng.TestNGXmlTestSuite.execute(TestNGXmlTestSuite.java:71)
at org.apache.maven.surefire.testng.TestNGProvider.invoke(TestNGProvider.java:113)
at org.apache.maven.surefire.booter.ForkedBooter.runSuitesInProcess(ForkedBooter.java:385)
at org.apache.maven.surefire.booter.ForkedBooter.execute(ForkedBooter.java:162)
at org.apache.maven.surefire.booter.ForkedBooter.run(ForkedBooter.java:507)
at org.apache.maven.surefire.booter.ForkedBooter.main(ForkedBooter.java:495)
]]>
            </full-stacktrace>
          </exception> <!-- org.testng.SkipException -->
          <reporter-output>
          </reporter-output>
        </test-method> <!-- editMyProfile -->
        <test-method is-config="true" signature="closeBrowser()[pri:0, instance:tests.TC3_EditTheProfileInfo@63a270c9]" started-at="2026-03-24T15:39:44 IST" name="closeBrowser" finished-at="2026-03-24T15:39:44 IST" duration-ms="192" status="PASS">
          <reporter-output>
          </reporter-output>
        </test-method> <!-- closeBrowser -->
      </class> <!-- tests.TC3_EditTheProfileInfo -->
    </test> <!-- Test -->
  </suite> <!-- Suite -->
</testng-results>
