<?xml version="1.0" encoding="UTF-8"?>
<testng-results ignored="0" total="1" passed="1" failed="0" skipped="0">
  <reporter-output>
    <line>
      <![CDATA[hover over is done]]>
    </line>
    <line>
      <![CDATA[Running vali-valid data]]>
    </line>
    <line>
      <![CDATA[username and password entered successfully]]>
    </line>
    <line>
      <![CDATA[product searched successfully]]>
    </line>
    <line>
      <![CDATA[Filtered required brand name successfully]]>
    </line>
  </reporter-output>
  <suite started-at="2026-03-31T13:16:42 IST" name="Suite" finished-at="2026-03-31T13:17:10 IST" duration-ms="27862">
    <groups>
    </groups>
    <test started-at="2026-03-31T13:16:42 IST" name="Test" finished-at="2026-03-31T13:17:10 IST" duration-ms="27862">
      <class name="tests.TC6_SearchWithFilters">
        <test-method is-config="true" signature="launchBrowser(java.lang.String)[pri:0, instance:tests.TC6_SearchWithFilters@2a898881]" started-at="2026-03-31T13:16:43 IST" name="launchBrowser" finished-at="2026-03-31T13:16:46 IST" duration-ms="3705" status="PASS">
          <params>
            <param index="0">
              <value>
                <![CDATA[chrome]]>
              </value>
            </param>
          </params>
          <reporter-output>
          </reporter-output>
        </test-method> <!-- launchBrowser -->
        <test-method signature="searchProductWithFilters(java.lang.String,java.lang.String,java.lang.String)[pri:0, instance:tests.TC6_SearchWithFilters@2a898881]" started-at="2026-03-31T13:16:46 IST" name="searchProductWithFilters" data-provider="loginDataprovider" finished-at="2026-03-31T13:17:09 IST" duration-ms="23075" status="PASS">
          <params>
            <param index="0">
              <value>
                <![CDATA[bhavanibrgr@gmail.com]]>
              </value>
            </param>
            <param index="1">
              <value>
                <![CDATA[Bhavani@123]]>
              </value>
            </param>
            <param index="2">
              <value>
                <![CDATA[valid-valid]]>
              </value>
            </param>
          </params>
          <reporter-output>
            <line>
              <![CDATA[hover over is done]]>
            </line>
            <line>
              <![CDATA[Running vali-valid data]]>
            </line>
            <line>
              <![CDATA[username and password entered successfully]]>
            </line>
            <line>
              <![CDATA[product searched successfully]]>
            </line>
            <line>
              <![CDATA[Filtered required brand name successfully]]>
            </line>
          </reporter-output>
        </test-method> <!-- searchProductWithFilters -->
        <test-method is-config="true" signature="closeBrowser()[pri:0, instance:tests.TC6_SearchWithFilters@2a898881]" started-at="2026-03-31T13:17:10 IST" name="closeBrowser" finished-at="2026-03-31T13:17:10 IST" duration-ms="276" status="PASS">
          <reporter-output>
          </reporter-output>
        </test-method> <!-- closeBrowser -->
      </class> <!-- tests.TC6_SearchWithFilters -->
    </test> <!-- Test -->
  </suite> <!-- Suite -->
</testng-results>
