<?xml version="1.0" encoding="UTF-8"?>
<testsuite xmlns:xsi="http://www.w3.org/2001/XMLSchema-instance" xsi:noNamespaceSchemaLocation="https://maven.apache.org/surefire/maven-surefire-plugin/xsd/surefire-test-report.xsd" version="3.0.2" name="TestSuite" time="96.3" tests="10" errors="0" skipped="5" failures="0">
  <properties>
[...]
</properties>
  <testcase name="withValidCredentials[bhavanibrgr@gmail.com, Bhavani@123, valid-valid](1)" classname="tests.TC1_LoginWithValidCred" time="7.403">
    <system-out><![CDATA[15:39:01 [main] INFO  tests.TC1_LoginWithValidCred - hover over is done
15:39:08 [main] INFO  tests.TC1_LoginWithValidCred - username and password entered successfully
]]></system-out>
    <system-err><![CDATA[SLF4J: Failed to load class "org.slf4j.impl.StaticLoggerBinder".
SLF4J: Defaulting to no-operation (NOP) logger implementation
SLF4J: See http://www.slf4j.org/codes.html#StaticLoggerBinder for further details.
Mar 24, 2026 3:38:58 PM org.openqa.selenium.devtools.CdpVersionFinder findNearestMatch
WARNING: Unable to find an exact match for CDP version 146, returning the closest version; found: 144; Please update to a Selenium version that supports CDP version 146
]]></system-err>
  </testcase>
  <testcase name="withValidCredentials[bhavanibrgr@gmail.com, bhavani@123, valid-invalid](2)" classname="tests.TC1_LoginWithValidCred" time="0.0">
    <skipped message="Skipping non-valid data"/>
    <system-err><![CDATA[Mar 24, 2026 3:39:09 PM org.openqa.selenium.devtools.CdpVersionFinder findNearestMatch
WARNING: Unable to find an exact match for CDP version 146, returning the closest version; found: 144; Please update to a Selenium version that supports CDP version 146
]]></system-err>
  </testcase>
  <testcase name="loginWithInvalidCred[bhavanibrgr@gmail.com, Bhavani@123, valid-valid](1)" classname="tests.TC2_LoginFailWithInvalidCred" time="0.0">
    <skipped message="Skipping valid data"/>
    <system-err><![CDATA[Mar 24, 2026 3:39:11 PM org.openqa.selenium.devtools.CdpVersionFinder findNearestMatch
WARNING: Unable to find an exact match for CDP version 146, returning the closest version; found: 144; Please update to a Selenium version that supports CDP version 146
]]></system-err>
  </testcase>
  <testcase name="loginWithInvalidCred[bhavanibrgr@gmail.com, bhavani@123, valid-invalid](2)" classname="tests.TC2_LoginFailWithInvalidCred" time="7.011">
    <system-out><![CDATA[15:39:18 [main] INFO  tests.TC2_LoginFailWithInvalidCred - hover over is done
15:39:23 [main] INFO  tests.TC2_LoginFailWithInvalidCred - valid username and invalid password entered successfully
]]></system-out>
    <system-err><![CDATA[Mar 24, 2026 3:39:15 PM org.openqa.selenium.devtools.CdpVersionFinder findNearestMatch
WARNING: Unable to find an exact match for CDP version 146, returning the closest version; found: 144; Please update to a Selenium version that supports CDP version 146
]]></system-err>
  </testcase>
  <testcase name="editMyProfile[bhavanibrgr@gmail.com, Bhavani@123, valid-valid](1)" classname="tests.TC3_EditTheProfileInfo" time="15.422">
    <system-out><![CDATA[15:39:27 [main] INFO  tests.TC3_EditTheProfileInfo - hover over is done
15:39:34 [main] INFO  tests.TC3_EditTheProfileInfo - username and password entered successfully
15:39:41 [main] INFO  tests.TC3_EditTheProfileInfo - Clicked on view link successfully
15:39:42 [main] INFO  tests.TC3_EditTheProfileInfo - Profile edited successfully
]]></system-out>
    <system-err><![CDATA[Mar 24, 2026 3:39:24 PM org.openqa.selenium.devtools.CdpVersionFinder findNearestMatch
WARNING: Unable to find an exact match for CDP version 146, returning the closest version; found: 144; Please update to a Selenium version that supports CDP version 146
]]></system-err>
  </testcase>
  <testcase name="editMyProfile[bhavanibrgr@gmail.com, bhavani@123, valid-invalid](2)" classname="tests.TC3_EditTheProfileInfo" time="0.0">
    <skipped message="Skipping non-valid data"/>
    <system-err><![CDATA[Mar 24, 2026 3:39:43 PM org.openqa.selenium.devtools.CdpVersionFinder findNearestMatch
WARNING: Unable to find an exact match for CDP version 146, returning the closest version; found: 144; Please update to a Selenium version that supports CDP version 146
]]></system-err>
  </testcase>
  <testcase name="searchingTheProduct[bhavanibrgr@gmail.com, Bhavani@123, valid-valid](1)" classname="tests.TC4_SearchingProductShoe" time="14.594">
    <system-out><![CDATA[15:39:48 [main] INFO  tests.TC3_EditTheProfileInfo - hover over is done
15:39:55 [main] INFO  tests.TC3_EditTheProfileInfo - username and password entered successfully
15:40:00 [main] INFO  tests.TC3_EditTheProfileInfo - product searched successfully
]]></system-out>
    <system-err><![CDATA[Mar 24, 2026 3:39:45 PM org.openqa.selenium.devtools.CdpVersionFinder findNearestMatch
WARNING: Unable to find an exact match for CDP version 146, returning the closest version; found: 144; Please update to a Selenium version that supports CDP version 146
]]></system-err>
  </testcase>
  <testcase name="searchingTheProduct[bhavanibrgr@gmail.com, bhavani@123, valid-invalid](2)" classname="tests.TC4_SearchingProductShoe" time="0.0">
    <skipped message="Skipping non-valid data"/>
    <system-err><![CDATA[Mar 24, 2026 3:40:02 PM org.openqa.selenium.devtools.CdpVersionFinder findNearestMatch
WARNING: Unable to find an exact match for CDP version 146, returning the closest version; found: 144; Please update to a Selenium version that supports CDP version 146
]]></system-err>
  </testcase>
  <testcase name="verifyProductDetails[bhavanibrgr@gmail.com, Bhavani@123, valid-valid](1)" classname="tests.TC5_VerifyingProductDetailPage" time="21.593">
    <system-out><![CDATA[15:40:09 [main] INFO  tests.TC3_EditTheProfileInfo - hover over is done
15:40:16 [main] INFO  tests.TC3_EditTheProfileInfo - username and password entered successfully
15:40:22 [main] INFO  tests.TC3_EditTheProfileInfo - product searched successfully
15:40:24 [main] INFO  tests.TC3_EditTheProfileInfo - Control moved to search result page
]]></system-out>
    <system-err><![CDATA[Mar 24, 2026 3:40:06 PM org.openqa.selenium.devtools.CdpVersionFinder findNearestMatch
WARNING: Unable to find an exact match for CDP version 146, returning the closest version; found: 144; Please update to a Selenium version that supports CDP version 146
]]></system-err>
  </testcase>
  <testcase name="verifyProductDetails[bhavanibrgr@gmail.com, bhavani@123, valid-invalid](2)" classname="tests.TC5_VerifyingProductDetailPage" time="0.0">
    <skipped message="Skipping non-valid data"/>
    <system-err><![CDATA[Mar 24, 2026 3:40:30 PM org.openqa.selenium.devtools.CdpVersionFinder findNearestMatch
WARNING: Unable to find an exact match for CDP version 146, returning the closest version; found: 144; Please update to a Selenium version that supports CDP version 146
]]></system-err>
  </testcase>
</testsuite>