<?xml version="1.0" encoding="UTF-8"?>
<!-- Generated by org.testng.reporters.JUnitReportReporter -->
<testsuite hostname="DESKTOP-6C3F517" failures="0" tests="2" name="tests.TC4_SearchingProductShoe" time="20.281" errors="0" timestamp="2026-03-24T15:40:31 IST" skipped="1">
  <testcase classname="tests.TC4_SearchingProductShoe" name="searchingTheProduct" time="16.299"/>
  <testcase classname="tests.TC4_SearchingProductShoe" name="searchingTheProduct" time="3.982">
    <skipped/>
  </testcase> <!-- searchingTheProduct -->
  <system-out>
    <![CDATA[Running vali-valid data]]>
  </system-out>
</testsuite> <!-- tests.TC4_SearchingProductShoe -->
