<?xml version="1.0" encoding="UTF-8"?>
<!-- Generated by org.testng.reporters.JUnitReportReporter -->
<testsuite hostname="DESKTOP-6C3F517" failures="0" tests="1" name="tests.TC1_LoginWithValidCred" time="12.030" errors="0" timestamp="2026-03-25T14:08:45 IST" skipped="0">
  <testcase classname="tests.TC1_LoginWithValidCred" name="withValidCredentials" time="12.030">
    <system-out>
      <![CDATA[Running vali-valid data]]>
    </system-out>
  </testcase> <!-- withValidCredentials -->
  <system-out>
    <![CDATA[Running vali-valid data]]>
  </system-out>
</testsuite> <!-- tests.TC1_LoginWithValidCred -->
