<?xml version="1.0" encoding="UTF-8"?>
<!-- Generated by org.testng.reporters.JUnitReportReporter -->
<testsuite hostname="DESKTOP-6C3F517" failures="0" tests="2" name="project1_AmazonEndToEnd.TC1_LoginWithValidCred" time="22.135" errors="0" timestamp="2026-03-22T15:24:20 IST" skipped="1">
  <testcase classname="project1_AmazonEndToEnd.TC1_LoginWithValidCred" name="withValidCredentials" time="8.184">
    <skipped/>
  </testcase> <!-- withValidCredentials -->
  <testcase classname="project1_AmazonEndToEnd.TC1_LoginWithValidCred" name="withValidCredentials" time="13.951">
    <system-out>
      <![CDATA[Hover over on Account and List is successful
SigIn click on homepage is successful
Running vali-valid data
Username and password entered successfully and login is done
Sigin clicked successfully]]>
    </system-out>
  </testcase> <!-- withValidCredentials -->
  <system-out>
    <![CDATA[Hover over on Account and List is successful
SigIn click on homepage is successful
Running vali-valid data
Username and password entered successfully and login is done
Sigin clicked successfully]]>
  </system-out>
</testsuite> <!-- project1_AmazonEndToEnd.TC1_LoginWithValidCred -->
