<?xml version="1.0" encoding="UTF-8"?>
<!-- Generated by org.testng.reporters.JUnitReportReporter -->
<testsuite hostname="DESKTOP-6C3F517" failures="0" tests="2" name="project1_AmazonEndToEnd.TC2_LoginFailWithInvalidCred" time="11.434" errors="0" timestamp="2026-03-22T10:58:32 IST" skipped="1">
  <testcase classname="project1_AmazonEndToEnd.TC2_LoginFailWithInvalidCred" name="loginWithInvalidCred" time="9.517">
    <system-out>
      <![CDATA[Hover over on Account and List is successful
SigIn click on homepage is successful
Entering valid username
Entering Invalid password
Sigin clicked successfully]]>
    </system-out>
  </testcase> <!-- loginWithInvalidCred -->
  <testcase classname="project1_AmazonEndToEnd.TC2_LoginFailWithInvalidCred" name="loginWithInvalidCred" time="1.917">
    <skipped/>
  </testcase> <!-- loginWithInvalidCred -->
  <system-out>
    <![CDATA[Hover over on Account and List is successful
SigIn click on homepage is successful
Entering valid username
Entering Invalid password
Sigin clicked successfully]]>
  </system-out>
</testsuite> <!-- project1_AmazonEndToEnd.TC2_LoginFailWithInvalidCred -->
