<?xml version="1.0" encoding="UTF-8"?>
<!-- Generated by org.testng.reporters.JUnitReportReporter -->
<testsuite hostname="DESKTOP-6C3F517" failures="0" tests="1" name="tests.TC6_SearchWithFilters" time="27.056" errors="0" timestamp="2026-03-31T13:17:10 IST" skipped="0">
  <testcase classname="tests.TC6_SearchWithFilters" name="searchProductWithFilters" time="27.056">
    <system-out>
      <![CDATA[hover over is done
Running vali-valid data
username and password entered successfully
product searched successfully
Filtered required brand name successfully]]>
    </system-out>
  </testcase> <!-- searchProductWithFilters -->
  <system-out>
    <![CDATA[hover over is done
Running vali-valid data
username and password entered successfully
product searched successfully
Filtered required brand name successfully]]>
  </system-out>
</testsuite> <!-- tests.TC6_SearchWithFilters -->
