<?xml version="1.0" encoding="UTF-8"?>
<!-- Generated by org.testng.reporters.JUnitReportReporter -->
<testsuite hostname="DESKTOP-6C3F517" failures="0" tests="2" name="tests.TC3_EditTheProfileInfo" time="20.760" errors="0" timestamp="2026-03-24T15:40:31 IST" skipped="1">
  <testcase classname="tests.TC3_EditTheProfileInfo" name="editMyProfile" time="3.531">
    <skipped/>
  </testcase> <!-- editMyProfile -->
  <testcase classname="tests.TC3_EditTheProfileInfo" name="editMyProfile" time="17.229"/>
  <system-out>
    <![CDATA[Running vali-valid data]]>
  </system-out>
</testsuite> <!-- tests.TC3_EditTheProfileInfo -->
