<?xml version="1.0" encoding="UTF-8"?>
<!-- Generated by org.testng.reporters.JUnitReportReporter -->
<testsuite hostname="DESKTOP-6C3F517" failures="0" tests="2" name="tests.TC5_VerifyingProductDetailPage" time="25.824" errors="0" timestamp="2026-03-24T15:40:31 IST" skipped="1">
  <testcase classname="tests.TC5_VerifyingProductDetailPage" name="verifyProductDetails" time="23.716"/>
  <testcase classname="tests.TC5_VerifyingProductDetailPage" name="verifyProductDetails" time="2.108">
    <skipped/>
  </testcase> <!-- verifyProductDetails -->
  <system-out>
    <![CDATA[Running vali-valid data]]>
  </system-out>
</testsuite> <!-- tests.TC5_VerifyingProductDetailPage -->
