<?xml version="1.0" encoding="UTF-8"?>
<!-- Generated by org.testng.reporters.JUnitReportReporter -->
<testsuite hostname="DESKTOP-6C3F517" failures="0" tests="1" name="tests.TC15_UserAbleToApplyCouponCode" time="31.645" errors="0" timestamp="2026-03-31T13:08:53 IST" skipped="0">
  <testcase classname="tests.TC15_UserAbleToApplyCouponCode" name="couponCode" time="31.645">
    <system-out>
      <![CDATA[hover over is done
Running vali-valid data
username and password entered successfully
product searched successfully
Control moved to search result page
Product added to cart
Clicked on proceed to buy
User able to provide coupon code]]>
    </system-out>
  </testcase> <!-- couponCode -->
  <system-out>
    <![CDATA[Running vali-valid data
hover over is done
Running vali-valid data
username and password entered successfully
product searched successfully
Filtered required brand name successfully
hover over is done
Running vali-valid data
username and password entered successfully
product searched successfully
Filtered required brand name successfully
hover over is done
Running vali-valid data
username and password entered successfully
product searched successfully
hover over is done
Running vali-valid data
username and password entered successfully
product searched successfully
Control moved to search result page
Product added to cart
hover over is done
Running vali-valid data
username and password entered successfully
product searched successfully
Control moved to search result page
Product added to cart
Clciked on + symbol to increase count and check the quantity increses or not
product searched successfully
Control moved to search result page
Product added to cart
Reached till cart page without login
hover over is done
Running vali-valid data
username and password entered successfully
product searched successfully
Control moved to search result page
Product added to cart
Clicked on proceed to buy
Verified payment checkout page for address
hover over is done
Running vali-valid data
username and password entered successfully
product searched successfully
Control moved to search result page
Product added to cart
Clicked on proceed to buy
Checking payment method displayed
hover over is done
Running vali-valid data
username and password entered successfully
product searched successfully
Control moved to search result page
Product added to cart
Clicked on proceed to buy
Order review done
hover over is done
Running vali-valid data
username and password entered successfully
product searched successfully
Control moved to search result page
Product added to cart
Clicked on proceed to buy
User able to select payment methods selection
hover over is done
Running vali-valid data
username and password entered successfully
product searched successfully
Control moved to search result page
Product added to cart
Clicked on proceed to buy
User able to provide coupon code]]>
  </system-out>
</testsuite> <!-- tests.TC15_UserAbleToApplyCouponCode -->
