<?xml version="1.0" encoding="UTF-8"?>
<!-- Generated by org.testng.reporters.JUnitReportReporter -->
<testsuite hostname="DESKTOP-6C3F517" failures="0" tests="1" name="tests.TC7_SortWithPriceFilter" time="21.968" errors="0" timestamp="2026-03-25T20:53:27 IST" skipped="0">
  <testcase classname="tests.TC7_SortWithPriceFilter" name="sortProductByPrice" time="21.968">
    <system-out>
      <![CDATA[hover over is done
Running vali-valid data
username and password entered successfully
product searched successfully
Filtered required brand name successfully]]>
    </system-out>
  </testcase> <!-- sortProductByPrice -->
  <system-out>
    <![CDATA[hover over is done
Running vali-valid data
username and password entered successfully
product searched successfully
Filtered required brand name successfully]]>
  </system-out>
</testsuite> <!-- tests.TC7_SortWithPriceFilter -->
