<?xml version="1.0" encoding="UTF-8"?>
<!-- Generated by org.testng.reporters.JUnitReportReporter -->
<testsuite hostname="DESKTOP-6C3F517" failures="0" tests="1" name="tests.TC11_PaymentCheckout" time="31.775" errors="0" timestamp="2026-03-31T10:41:23 IST" skipped="0">
  <testcase classname="tests.TC11_PaymentCheckout" name="verifyPaymentCheckout" time="31.775">
    <system-out>
      <![CDATA[hover over is done
Running vali-valid data
username and password entered successfully
product searched successfully
Control moved to search result page
Product added to cart
Clicked on proceed to buy]]>
    </system-out>
  </testcase> <!-- verifyPaymentCheckout -->
  <system-out>
    <![CDATA[hover over is done
Running vali-valid data
username and password entered successfully
product searched successfully
Control moved to search result page
Product added to cart
Clicked on proceed to buy]]>
  </system-out>
</testsuite> <!-- tests.TC11_PaymentCheckout -->
