<?xml version="1.0" encoding="UTF-8"?>
<!-- Generated by org.testng.reporters.JUnitReportReporter -->
<testsuite hostname="DESKTOP-6C3F517" failures="0" tests="2" name="tests.TC1_LoginWithValidCred" time="13.504" errors="0" timestamp="2026-03-24T15:40:31 IST" skipped="1">
  <testcase classname="tests.TC1_LoginWithValidCred" name="withValidCredentials" time="4.013">
    <skipped/>
  </testcase> <!-- withValidCredentials -->
  <testcase classname="tests.TC1_LoginWithValidCred" name="withValidCredentials" time="9.491">
    <system-out>
      <![CDATA[Running vali-valid data]]>
    </system-out>
  </testcase> <!-- withValidCredentials -->
  <system-out>
    <![CDATA[Running vali-valid data]]>
  </system-out>
</testsuite> <!-- tests.TC1_LoginWithValidCred -->
