<?xml version="1.0" encoding="UTF-8"?>
<!-- Generated by org.testng.reporters.JUnitReportReporter -->
<testsuite hostname="DESKTOP-6C3F517" failures="0" tests="2" name="tests.TC3_EditTheProfileInfo" time="20.727" errors="0" timestamp="2026-03-24T11:20:09 IST" skipped="1">
  <testcase classname="tests.TC3_EditTheProfileInfo" name="editMyProfile" time="19.087">
    <system-out>
      <![CDATA[Hover over on Account and List is successful
SigIn click on homepage is successful
Username and password entered successfully and login is done
Sigin clicked successfully
Hover over on Account and List is successful
Manage profiles clicked successfully
Account holder name clicked successfully
Hover over on Account and List is successful
Hover over on Account and List is successful
Profile clicked successfully
Profile view link clicked successfully
Edit profile clicked successfully
Profile name cleared and renamed successfully]]>
    </system-out>
  </testcase> <!-- editMyProfile -->
  <testcase classname="tests.TC3_EditTheProfileInfo" name="editMyProfile" time="1.640">
    <skipped/>
  </testcase> <!-- editMyProfile -->
  <system-out>
    <![CDATA[Hover over on Account and List is successful
SigIn click on homepage is successful
Running vali-valid data
Username and password entered successfully and login is done
Sigin clicked successfully
Hover over on Account and List is successful
SigIn click on homepage is successful
Entering valid username
Entering Invalid password
Sigin clicked successfully
Hover over on Account and List is successful
SigIn click on homepage is successful
Username and password entered successfully and login is done
Sigin clicked successfully
Hover over on Account and List is successful
Manage profiles clicked successfully
Account holder name clicked successfully
Hover over on Account and List is successful
Hover over on Account and List is successful
Profile clicked successfully
Profile view link clicked successfully
Edit profile clicked successfully
Profile name cleared and renamed successfully
Hover over on Account and List is successful
SigIn click on homepage is successful
Username and password entered successfully and login is done
Sigin clicked successfully
Searching product is successful
Hover over on Account and List is successful
SigIn click on homepage is successful
Hover over on Account and List is successful
SigIn click on homepage is successful
Username and password entered successfully and login is done
Sigin clicked successfully
Searching product is successful]]>
  </system-out>
</testsuite> <!-- tests.TC3_EditTheProfileInfo -->
